                                      1 ;--------------------------------------------------------
                                      2 ; File Created by SDCC : free open source ISO C Compiler 
                                      3 ; Version 4.2.2 #13350 (MINGW64)
                                      4 ;--------------------------------------------------------
                                      5 	.module main
                                      6 	.optsdcc -msm83
                                      7 	
                                      8 ;--------------------------------------------------------
                                      9 ; Public variables in this module
                                     10 ;--------------------------------------------------------
                                     11 	.globl _main
                                     12 	.globl _jump
                                     13 	.globl _collisionDetect
                                     14 	.globl _betterDelay
                                     15 	.globl _set_sprite_data
                                     16 	.globl _set_bkg_tiles
                                     17 	.globl _set_bkg_data
                                     18 	.globl _wait_vbl_done
                                     19 	.globl _joypad
                                     20 	.globl _floorYpos
                                     21 	.globl _gravity
                                     22 	.globl _acceleration
                                     23 	.globl _jumping
                                     24 	.globl _characterNum
                                     25 	.globl _playerStats
                                     26 	.globl _Face
                                     27 	.globl _Tilemap
                                     28 	.globl _bg
                                     29 ;--------------------------------------------------------
                                     30 ; special function registers
                                     31 ;--------------------------------------------------------
                                     32 ;--------------------------------------------------------
                                     33 ; ram data
                                     34 ;--------------------------------------------------------
                                     35 	.area _DATA
                                     36 ;--------------------------------------------------------
                                     37 ; ram data
                                     38 ;--------------------------------------------------------
                                     39 	.area _INITIALIZED
                           000000    40 G$bg$0_0$0==.
      000000                         41 _bg::
      000000                         42 	.ds 720
                           0002D0    43 G$Tilemap$0_0$0==.
      0002D0                         44 _Tilemap::
      0002D0                         45 	.ds 128
                           000350    46 G$Face$0_0$0==.
      000350                         47 _Face::
      000350                         48 	.ds 32
                           000370    49 G$playerStats$0_0$0==.
      000370                         50 _playerStats::
      000370                         51 	.ds 4
                           000374    52 G$characterNum$0_0$0==.
      000374                         53 _characterNum::
      000374                         54 	.ds 1
                           000375    55 G$jumping$0_0$0==.
      000375                         56 _jumping::
      000375                         57 	.ds 1
                           000376    58 G$acceleration$0_0$0==.
      000376                         59 _acceleration::
      000376                         60 	.ds 1
                           000377    61 G$gravity$0_0$0==.
      000377                         62 _gravity::
      000377                         63 	.ds 1
                           000378    64 G$floorYpos$0_0$0==.
      000378                         65 _floorYpos::
      000378                         66 	.ds 1
                                     67 ;--------------------------------------------------------
                                     68 ; absolute external ram data
                                     69 ;--------------------------------------------------------
                                     70 	.area _DABS (ABS)
                                     71 ;--------------------------------------------------------
                                     72 ; global & static initialisations
                                     73 ;--------------------------------------------------------
                                     74 	.area _HOME
                                     75 	.area _GSINIT
                                     76 	.area _GSFINAL
                                     77 	.area _GSINIT
                                     78 ;--------------------------------------------------------
                                     79 ; Home
                                     80 ;--------------------------------------------------------
                                     81 	.area _HOME
                                     82 	.area _HOME
                                     83 ;--------------------------------------------------------
                                     84 ; code
                                     85 ;--------------------------------------------------------
                                     86 	.area _CODE
                           000000    87 	G$betterDelay$0$0	= .
                                     88 	.globl	G$betterDelay$0$0
                           000000    89 	C$main.c$14$0_0$105	= .
                                     90 	.globl	C$main.c$14$0_0$105
                                     91 ;main.c:14: void betterDelay(uint8_t numloops) {
                                     92 ;	---------------------------------
                                     93 ; Function betterDelay
                                     94 ; ---------------------------------
      000000                         95 _betterDelay::
      000000 4F               [ 4]   96 	ld	c, a
                           000001    97 	C$main.c$16$2_0$105	= .
                                     98 	.globl	C$main.c$16$2_0$105
                                     99 ;main.c:16: for(i = 0; i < numloops; i++) {
      000001 06 00            [ 8]  100 	ld	b, #0x00
      000003                        101 00103$:
      000003 78               [ 4]  102 	ld	a, b
      000004 91               [ 4]  103 	sub	a, c
      000005 D0               [20]  104 	ret	NC
                           000006   105 	C$main.c$17$3_0$106	= .
                                    106 	.globl	C$main.c$17$3_0$106
                                    107 ;main.c:17: wait_vbl_done();
      000006 CDr00r00         [24]  108 	call	_wait_vbl_done
                           000009   109 	C$main.c$16$2_0$105	= .
                                    110 	.globl	C$main.c$16$2_0$105
                                    111 ;main.c:16: for(i = 0; i < numloops; i++) {
      000009 04               [ 4]  112 	inc	b
                           00000A   113 	C$main.c$20$2_0$105	= .
                                    114 	.globl	C$main.c$20$2_0$105
                                    115 ;main.c:20: }
                           00000A   116 	C$main.c$20$2_0$105	= .
                                    117 	.globl	C$main.c$20$2_0$105
                           00000A   118 	XG$betterDelay$0$0	= .
                                    119 	.globl	XG$betterDelay$0$0
      00000A 18 F7            [12]  120 	jr	00103$
                           00000C   121 	G$collisionDetect$0$0	= .
                                    122 	.globl	G$collisionDetect$0$0
                           00000C   123 	C$main.c$22$2_0$108	= .
                                    124 	.globl	C$main.c$22$2_0$108
                                    125 ;main.c:22: int8_t collisionDetect(uint8_t projectedYpos) {
                                    126 ;	---------------------------------
                                    127 ; Function collisionDetect
                                    128 ; ---------------------------------
      00000C                        129 _collisionDetect::
      00000C 4F               [ 4]  130 	ld	c, a
                           00000D   131 	C$main.c$23$1_0$108	= .
                                    132 	.globl	C$main.c$23$1_0$108
                                    133 ;main.c:23: if (projectedYpos > floorYpos) {
      00000D FAr78r03         [16]  134 	ld	a, (#_floorYpos)
      000010 91               [ 4]  135 	sub	a, c
      000011 30 03            [12]  136 	jr	NC, 00102$
                           000013   137 	C$main.c$24$2_0$109	= .
                                    138 	.globl	C$main.c$24$2_0$109
                                    139 ;main.c:24: return 1;
      000013 3E 01            [ 8]  140 	ld	a, #0x01
      000015 C9               [16]  141 	ret
      000016                        142 00102$:
                           000016   143 	C$main.c$26$1_0$108	= .
                                    144 	.globl	C$main.c$26$1_0$108
                                    145 ;main.c:26: return -1;
      000016 3E FF            [ 8]  146 	ld	a, #0xff
                           000018   147 	C$main.c$27$1_0$108	= .
                                    148 	.globl	C$main.c$27$1_0$108
                                    149 ;main.c:27: }
                           000018   150 	C$main.c$27$1_0$108	= .
                                    151 	.globl	C$main.c$27$1_0$108
                           000018   152 	XG$collisionDetect$0$0	= .
                                    153 	.globl	XG$collisionDetect$0$0
      000018 C9               [16]  154 	ret
                           000019   155 	G$jump$0$0	= .
                                    156 	.globl	G$jump$0$0
                           000019   157 	C$main.c$29$1_0$111	= .
                                    158 	.globl	C$main.c$29$1_0$111
                                    159 ;main.c:29: void jump(uint8_t characterNum, uint8_t charStats[4]) {
                                    160 ;	---------------------------------
                                    161 ; Function jump
                                    162 ; ---------------------------------
      000019                        163 _jump::
      000019 E8 FC            [16]  164 	add	sp, #-4
      00001B F8 03            [12]  165 	ldhl	sp,	#3
      00001D 32               [ 8]  166 	ld	(hl-), a
      00001E 2B               [ 8]  167 	dec	hl
      00001F 7B               [ 4]  168 	ld	a, e
      000020 22               [ 8]  169 	ld	(hl+), a
                           000021   170 	C$main.c$33$3_0$111	= .
                                    171 	.globl	C$main.c$33$3_0$111
                                    172 ;main.c:33: charStats[3] = 15;
      000021 7A               [ 4]  173 	ld	a, d
      000022 32               [ 8]  174 	ld	(hl-), a
      000023 2A               [ 8]  175 	ld	a, (hl+)
      000024 5F               [ 4]  176 	ld	e, a
      000025 56               [ 8]  177 	ld	d, (hl)
      000026 13               [ 8]  178 	inc	de
      000027 13               [ 8]  179 	inc	de
      000028 13               [ 8]  180 	inc	de
                           000029   181 	C$main.c$31$1_0$111	= .
                                    182 	.globl	C$main.c$31$1_0$111
                                    183 ;main.c:31: if (!jumping) {
      000029 21r75r03         [12]  184 	ld	hl, #_jumping
      00002C 7E               [ 8]  185 	ld	a, (hl)
      00002D B7               [ 4]  186 	or	a, a
      00002E 20 05            [12]  187 	jr	NZ, 00102$
                           000030   188 	C$main.c$32$2_0$112	= .
                                    189 	.globl	C$main.c$32$2_0$112
                                    190 ;main.c:32: jumping = 1;
      000030 36 01            [12]  191 	ld	(hl), #0x01
                           000032   192 	C$main.c$33$2_0$112	= .
                                    193 	.globl	C$main.c$33$2_0$112
                                    194 ;main.c:33: charStats[3] = 15;
      000032 3E 0F            [ 8]  195 	ld	a, #0x0f
      000034 12               [ 8]  196 	ld	(de), a
      000035                        197 00102$:
                           000035   198 	C$main.c$36$1_0$111	= .
                                    199 	.globl	C$main.c$36$1_0$111
                                    200 ;main.c:36: charStats[3] = charStats[3] - gravity;
      000035 1A               [ 8]  201 	ld	a, (de)
      000036 21r77r03         [12]  202 	ld	hl, #_gravity
      000039 96               [ 8]  203 	sub	a, (hl)
      00003A F8 00            [12]  204 	ldhl	sp,	#0
      00003C 77               [ 8]  205 	ld	(hl), a
                           00003D   206 	C$main.c$38$1_0$111	= .
                                    207 	.globl	C$main.c$38$1_0$111
                                    208 ;main.c:38: charStats[1] = charStats[1] - charStats[3];
      00003D 2A               [ 8]  209 	ld	a, (hl+)
      00003E 12               [ 8]  210 	ld	(de), a
      00003F 2A               [ 8]  211 	ld	a, (hl+)
      000040 4F               [ 4]  212 	ld	c, a
      000041 3A               [ 8]  213 	ld	a, (hl-)
      000042 2B               [ 8]  214 	dec	hl
      000043 47               [ 4]  215 	ld	b, a
      000044 03               [ 8]  216 	inc	bc
      000045 0A               [ 8]  217 	ld	a, (bc)
      000046 96               [ 8]  218 	sub	a, (hl)
      000047 77               [ 8]  219 	ld	(hl), a
      000048 7E               [ 8]  220 	ld	a, (hl)
      000049 02               [ 8]  221 	ld	(bc), a
                           00004A   222 	C$main.c$40$1_0$111	= .
                                    223 	.globl	C$main.c$40$1_0$111
                                    224 ;main.c:40: if  (collisionDetect(charStats[1]) == 1) {
      00004A C5               [16]  225 	push	bc
      00004B D5               [16]  226 	push	de
      00004C 7E               [ 8]  227 	ld	a, (hl)
      00004D CDr0Cr00         [24]  228 	call	_collisionDetect
      000050 D1               [12]  229 	pop	de
      000051 C1               [12]  230 	pop	bc
      000052 3D               [ 4]  231 	dec	a
      000053 20 0B            [12]  232 	jr	NZ, 00104$
                           000055   233 	C$main.c$41$2_0$113	= .
                                    234 	.globl	C$main.c$41$2_0$113
                                    235 ;main.c:41: jumping = 0;
      000055 21r75r03         [12]  236 	ld	hl, #_jumping
      000058 36 00            [12]  237 	ld	(hl), #0x00
                           00005A   238 	C$main.c$42$2_0$113	= .
                                    239 	.globl	C$main.c$42$2_0$113
                                    240 ;main.c:42: charStats[3] = 0;
      00005A AF               [ 4]  241 	xor	a, a
      00005B 12               [ 8]  242 	ld	(de), a
                           00005C   243 	C$main.c$43$2_0$113	= .
                                    244 	.globl	C$main.c$43$2_0$113
                                    245 ;main.c:43: charStats[1] = floorYpos;
      00005C FAr78r03         [16]  246 	ld	a, (#_floorYpos)
      00005F 02               [ 8]  247 	ld	(bc), a
      000060                        248 00104$:
                                    249 ;main.c:46: move_sprite(characterNum, charStats[0], charStats[1]);
      000060 0A               [ 8]  250 	ld	a, (bc)
      000061 47               [ 4]  251 	ld	b, a
      000062 F8 01            [12]  252 	ldhl	sp,#1
      000064 2A               [ 8]  253 	ld	a, (hl+)
      000065 5F               [ 4]  254 	ld	e, a
                                    255 ;c:/gbdk/include/gb/gb.h:1675: OAM_item_t * itm = &shadow_OAM[nb];
      000066 2A               [ 8]  256 	ld	a, (hl+)
      000067 57               [ 4]  257 	ld	d, a
      000068 1A               [ 8]  258 	ld	a, (de)
      000069 4F               [ 4]  259 	ld	c, a
      00006A 7E               [ 8]  260 	ld	a, (hl)
      00006B 1E 00            [ 8]  261 	ld	e, #0x00
      00006D 6F               [ 4]  262 	ld	l, a
      00006E 63               [ 4]  263 	ld	h, e
      00006F 29               [ 8]  264 	add	hl, hl
      000070 29               [ 8]  265 	add	hl, hl
      000071 11r00r00         [12]  266 	ld	de, #_shadow_OAM
      000074 19               [ 8]  267 	add	hl, de
                                    268 ;c:/gbdk/include/gb/gb.h:1676: itm->y=y, itm->x=x;
      000075 70               [ 8]  269 	ld	(hl), b
      000076 23               [ 8]  270 	inc	hl
      000077 71               [ 8]  271 	ld	(hl), c
                           000078   272 	C$main.c$46$3_0$111	= .
                                    273 	.globl	C$main.c$46$3_0$111
                                    274 ;main.c:46: move_sprite(characterNum, charStats[0], charStats[1]);
                           000078   275 	C$main.c$48$3_0$111	= .
                                    276 	.globl	C$main.c$48$3_0$111
                                    277 ;main.c:48: }
      000078 E8 04            [16]  278 	add	sp, #4
                           00007A   279 	C$main.c$48$3_0$111	= .
                                    280 	.globl	C$main.c$48$3_0$111
                           00007A   281 	XG$jump$0$0	= .
                                    282 	.globl	XG$jump$0$0
      00007A C9               [16]  283 	ret
                           00007B   284 	G$main$0$0	= .
                                    285 	.globl	G$main$0$0
                           00007B   286 	C$main.c$50$3_0$117	= .
                                    287 	.globl	C$main.c$50$3_0$117
                                    288 ;main.c:50: void main() {
                                    289 ;	---------------------------------
                                    290 ; Function main
                                    291 ; ---------------------------------
      00007B                        292 _main::
      00007B 3B               [ 8]  293 	dec	sp
                           00007C   294 	C$main.c$52$1_0$117	= .
                                    295 	.globl	C$main.c$52$1_0$117
                                    296 ;main.c:52: set_sprite_data(0, 2, Face);
      00007C 11r50r03         [12]  297 	ld	de, #_Face
      00007F D5               [16]  298 	push	de
      000080 21 00 02         [12]  299 	ld	hl, #0x200
      000083 E5               [16]  300 	push	hl
      000084 CDr00r00         [24]  301 	call	_set_sprite_data
      000087 E8 04            [16]  302 	add	sp, #4
                           000089   303 	C$main.c$54$1_0$117	= .
                                    304 	.globl	C$main.c$54$1_0$117
                                    305 ;main.c:54: set_bkg_data(0, 8, Tilemap);
      000089 11rD0r02         [12]  306 	ld	de, #_Tilemap
      00008C D5               [16]  307 	push	de
      00008D 21 00 08         [12]  308 	ld	hl, #0x800
      000090 E5               [16]  309 	push	hl
      000091 CDr00r00         [24]  310 	call	_set_bkg_data
      000094 E8 04            [16]  311 	add	sp, #4
                           000096   312 	C$main.c$55$1_0$117	= .
                                    313 	.globl	C$main.c$55$1_0$117
                                    314 ;main.c:55: set_bkg_tiles(0, 0, 40, 18, bg);
      000096 11r00r00         [12]  315 	ld	de, #_bg
      000099 D5               [16]  316 	push	de
      00009A 21 28 12         [12]  317 	ld	hl, #0x1228
      00009D E5               [16]  318 	push	hl
      00009E AF               [ 4]  319 	xor	a, a
      00009F 0F               [ 4]  320 	rrca
      0000A0 F5               [16]  321 	push	af
      0000A1 CDr00r00         [24]  322 	call	_set_bkg_tiles
      0000A4 E8 06            [16]  323 	add	sp, #6
                                    324 ;main.c:57: set_sprite_tile(characterNum, 0);
      0000A6 21r74r03         [12]  325 	ld	hl, #_characterNum
                                    326 ;c:/gbdk/include/gb/gb.h:1602: shadow_OAM[nb].tile=tile;
      0000A9 6E               [ 8]  327 	ld	l, (hl)
      0000AA 01r00r00         [12]  328 	ld	bc, #_shadow_OAM+0
                                    329 ;	spillPairReg hl
                                    330 ;	spillPairReg hl
      0000AD 26 00            [ 8]  331 	ld	h, #0x00
                                    332 ;	spillPairReg hl
                                    333 ;	spillPairReg hl
      0000AF 29               [ 8]  334 	add	hl, hl
      0000B0 29               [ 8]  335 	add	hl, hl
      0000B1 09               [ 8]  336 	add	hl, bc
      0000B2 23               [ 8]  337 	inc	hl
      0000B3 23               [ 8]  338 	inc	hl
      0000B4 36 00            [12]  339 	ld	(hl), #0x00
                                    340 ;main.c:58: move_sprite(characterNum, playerStats[0], playerStats[1]);
      0000B6 21r71r03         [12]  341 	ld	hl, #(_playerStats + 1)
      0000B9 46               [ 8]  342 	ld	b, (hl)
      0000BA 21r70r03         [12]  343 	ld	hl, #_playerStats
      0000BD 4E               [ 8]  344 	ld	c, (hl)
      0000BE 21r74r03         [12]  345 	ld	hl, #_characterNum
                                    346 ;c:/gbdk/include/gb/gb.h:1675: OAM_item_t * itm = &shadow_OAM[nb];
      0000C1 6E               [ 8]  347 	ld	l, (hl)
                                    348 ;	spillPairReg hl
                                    349 ;	spillPairReg hl
      0000C2 26 00            [ 8]  350 	ld	h, #0x00
                                    351 ;	spillPairReg hl
                                    352 ;	spillPairReg hl
      0000C4 29               [ 8]  353 	add	hl, hl
      0000C5 29               [ 8]  354 	add	hl, hl
      0000C6 11r00r00         [12]  355 	ld	de, #_shadow_OAM
      0000C9 19               [ 8]  356 	add	hl, de
                                    357 ;c:/gbdk/include/gb/gb.h:1676: itm->y=y, itm->x=x;
      0000CA 78               [ 4]  358 	ld	a, b
      0000CB 22               [ 8]  359 	ld	(hl+), a
      0000CC 71               [ 8]  360 	ld	(hl), c
                           0000CD   361 	C$main.c$60$1_0$117	= .
                                    362 	.globl	C$main.c$60$1_0$117
                                    363 ;main.c:60: SHOW_BKG;
      0000CD F0r00            [12]  364 	ldh	a, (_LCDC_REG + 0)
      0000CF F6 01            [ 8]  365 	or	a, #0x01
      0000D1 E0r00            [12]  366 	ldh	(_LCDC_REG + 0), a
                           0000D3   367 	C$main.c$61$1_0$117	= .
                                    368 	.globl	C$main.c$61$1_0$117
                                    369 ;main.c:61: SHOW_SPRITES;
      0000D3 F0r00            [12]  370 	ldh	a, (_LCDC_REG + 0)
      0000D5 F6 02            [ 8]  371 	or	a, #0x02
      0000D7 E0r00            [12]  372 	ldh	(_LCDC_REG + 0), a
                           0000D9   373 	C$main.c$62$1_0$117	= .
                                    374 	.globl	C$main.c$62$1_0$117
                                    375 ;main.c:62: DISPLAY_ON;
      0000D9 F0r00            [12]  376 	ldh	a, (_LCDC_REG + 0)
      0000DB F6 80            [ 8]  377 	or	a, #0x80
      0000DD E0r00            [12]  378 	ldh	(_LCDC_REG + 0), a
                           0000DF   379 	C$main.c$64$1_0$117	= .
                                    380 	.globl	C$main.c$64$1_0$117
                                    381 ;main.c:64: while (1) {
      0000DF                        382 00112$:
                           0000DF   383 	C$main.c$65$2_0$118	= .
                                    384 	.globl	C$main.c$65$2_0$118
                                    385 ;main.c:65: if (joypad()) {
      0000DF CDr00r00         [24]  386 	call	_joypad
      0000E2 B7               [ 4]  387 	or	a, a
      0000E3 28 44            [12]  388 	jr	Z, 00107$
                           0000E5   389 	C$main.c$67$3_0$119	= .
                                    390 	.globl	C$main.c$67$3_0$119
                                    391 ;main.c:67: if (joypad() & J_LEFT) {
      0000E5 CDr00r00         [24]  392 	call	_joypad
                           0000E8   393 	C$main.c$68$1_0$117	= .
                                    394 	.globl	C$main.c$68$1_0$117
                                    395 ;main.c:68: acceleration = -playerStats[2];
      0000E8 01r72r03         [12]  396 	ld	bc, #_playerStats + 2
                           0000EB   397 	C$main.c$67$3_0$119	= .
                                    398 	.globl	C$main.c$67$3_0$119
                                    399 ;main.c:67: if (joypad() & J_LEFT) {
      0000EB CB 4F            [ 8]  400 	bit	1, a
      0000ED 28 09            [12]  401 	jr	Z, 00104$
                           0000EF   402 	C$main.c$68$4_0$120	= .
                                    403 	.globl	C$main.c$68$4_0$120
                                    404 ;main.c:68: acceleration = -playerStats[2];
      0000EF 0A               [ 8]  405 	ld	a, (bc)
      0000F0 4F               [ 4]  406 	ld	c, a
      0000F1 AF               [ 4]  407 	xor	a, a
      0000F2 91               [ 4]  408 	sub	a, c
      0000F3 EAr76r03         [16]  409 	ld	(#_acceleration),a
      0000F6 18 0A            [12]  410 	jr	00105$
      0000F8                        411 00104$:
                           0000F8   412 	C$main.c$69$3_0$119	= .
                                    413 	.globl	C$main.c$69$3_0$119
                                    414 ;main.c:69: } else if (joypad() & J_RIGHT) {
      0000F8 CDr00r00         [24]  415 	call	_joypad
      0000FB 0F               [ 4]  416 	rrca
      0000FC 30 04            [12]  417 	jr	NC, 00105$
                           0000FE   418 	C$main.c$70$4_0$121	= .
                                    419 	.globl	C$main.c$70$4_0$121
                                    420 ;main.c:70: acceleration = playerStats[2];
      0000FE 0A               [ 8]  421 	ld	a, (bc)
      0000FF EAr76r03         [16]  422 	ld	(#_acceleration),a
      000102                        423 00105$:
                           000102   424 	C$main.c$72$3_0$119	= .
                                    425 	.globl	C$main.c$72$3_0$119
                                    426 ;main.c:72: playerStats[0] = playerStats[0] + acceleration;
      000102 FAr70r03         [16]  427 	ld	a, (#_playerStats + 0)
      000105 21r76r03         [12]  428 	ld	hl, #_acceleration
      000108 86               [ 8]  429 	add	a, (hl)
      000109 EAr70r03         [16]  430 	ld	(#_playerStats),a
                                    431 ;main.c:73: move_sprite(characterNum, playerStats[0], playerStats[1]);
      00010C 21r71r03         [12]  432 	ld	hl, #(_playerStats + 1)
      00010F 4E               [ 8]  433 	ld	c, (hl)
      000110 F8 00            [12]  434 	ldhl	sp,	#0
      000112 77               [ 8]  435 	ld	(hl), a
      000113 21r74r03         [12]  436 	ld	hl, #_characterNum
      000116 46               [ 8]  437 	ld	b, (hl)
                                    438 ;c:/gbdk/include/gb/gb.h:1675: OAM_item_t * itm = &shadow_OAM[nb];
      000117 11r00r00         [12]  439 	ld	de, #_shadow_OAM+0
      00011A 26 00            [ 8]  440 	ld	h, #0x00
                                    441 ;	spillPairReg hl
                                    442 ;	spillPairReg hl
      00011C 68               [ 4]  443 	ld	l, b
      00011D 29               [ 8]  444 	add	hl, hl
      00011E 29               [ 8]  445 	add	hl, hl
      00011F 19               [ 8]  446 	add	hl, de
      000120 5D               [ 4]  447 	ld	e, l
      000121 54               [ 4]  448 	ld	d, h
                                    449 ;c:/gbdk/include/gb/gb.h:1676: itm->y=y, itm->x=x;
      000122 79               [ 4]  450 	ld	a, c
      000123 12               [ 8]  451 	ld	(de), a
      000124 13               [ 8]  452 	inc	de
      000125 F8 00            [12]  453 	ldhl	sp,	#0
      000127 7E               [ 8]  454 	ld	a, (hl)
      000128 12               [ 8]  455 	ld	(de), a
                           000129   456 	C$main.c$73$2_0$118	= .
                                    457 	.globl	C$main.c$73$2_0$118
                                    458 ;main.c:73: move_sprite(characterNum, playerStats[0], playerStats[1]);
      000129                        459 00107$:
                           000129   460 	C$main.c$77$2_0$118	= .
                                    461 	.globl	C$main.c$77$2_0$118
                                    462 ;main.c:77: if (joypad() & J_A || jumping == 1) {
      000129 CDr00r00         [24]  463 	call	_joypad
      00012C CB 67            [ 8]  464 	bit	4, a
      00012E 20 06            [12]  465 	jr	NZ, 00108$
      000130 FAr75r03         [16]  466 	ld	a, (#_jumping)
      000133 3D               [ 4]  467 	dec	a
      000134 20 09            [12]  468 	jr	NZ, 00109$
      000136                        469 00108$:
                           000136   470 	C$main.c$78$3_0$122	= .
                                    471 	.globl	C$main.c$78$3_0$122
                                    472 ;main.c:78: jump(characterNum, playerStats);
      000136 11r70r03         [12]  473 	ld	de, #_playerStats
      000139 FAr74r03         [16]  474 	ld	a, (#_characterNum)
      00013C CDr19r00         [24]  475 	call	_jump
      00013F                        476 00109$:
                           00013F   477 	C$main.c$81$2_0$118	= .
                                    478 	.globl	C$main.c$81$2_0$118
                                    479 ;main.c:81: betterDelay(2);
      00013F 3E 02            [ 8]  480 	ld	a, #0x02
      000141 CDr00r00         [24]  481 	call	_betterDelay
                           000144   482 	C$main.c$82$2_0$118	= .
                                    483 	.globl	C$main.c$82$2_0$118
                                    484 ;main.c:82: acceleration = 0;
      000144 21r76r03         [12]  485 	ld	hl, #_acceleration
      000147 36 00            [12]  486 	ld	(hl), #0x00
      000149 18 94            [12]  487 	jr	00112$
                           00014B   488 	C$main.c$85$1_0$117	= .
                                    489 	.globl	C$main.c$85$1_0$117
                                    490 ;main.c:85: }
      00014B 33               [ 8]  491 	inc	sp
                           00014C   492 	C$main.c$85$1_0$117	= .
                                    493 	.globl	C$main.c$85$1_0$117
                           00014C   494 	XG$main$0$0	= .
                                    495 	.globl	XG$main$0$0
      00014C C9               [16]  496 	ret
                                    497 	.area _CODE
                                    498 	.area _INITIALIZER
                           000000   499 Fmain$__xinit_bg$0_0$0 == .
      000000                        500 __xinit__bg:
      000000 00                     501 	.db #0x00	; 0
      000001 00                     502 	.db #0x00	; 0
      000002 00                     503 	.db #0x00	; 0
      000003 00                     504 	.db #0x00	; 0
      000004 00                     505 	.db #0x00	; 0
      000005 00                     506 	.db #0x00	; 0
      000006 00                     507 	.db #0x00	; 0
      000007 00                     508 	.db #0x00	; 0
      000008 00                     509 	.db #0x00	; 0
      000009 00                     510 	.db #0x00	; 0
      00000A 00                     511 	.db #0x00	; 0
      00000B 00                     512 	.db #0x00	; 0
      00000C 00                     513 	.db #0x00	; 0
      00000D 00                     514 	.db #0x00	; 0
      00000E 00                     515 	.db #0x00	; 0
      00000F 00                     516 	.db #0x00	; 0
      000010 00                     517 	.db #0x00	; 0
      000011 00                     518 	.db #0x00	; 0
      000012 00                     519 	.db #0x00	; 0
      000013 00                     520 	.db #0x00	; 0
      000014 00                     521 	.db #0x00	; 0
      000015 00                     522 	.db #0x00	; 0
      000016 00                     523 	.db #0x00	; 0
      000017 00                     524 	.db #0x00	; 0
      000018 00                     525 	.db #0x00	; 0
      000019 00                     526 	.db #0x00	; 0
      00001A 00                     527 	.db #0x00	; 0
      00001B 00                     528 	.db #0x00	; 0
      00001C 00                     529 	.db #0x00	; 0
      00001D 00                     530 	.db #0x00	; 0
      00001E 00                     531 	.db #0x00	; 0
      00001F 00                     532 	.db #0x00	; 0
      000020 00                     533 	.db #0x00	; 0
      000021 00                     534 	.db #0x00	; 0
      000022 00                     535 	.db #0x00	; 0
      000023 00                     536 	.db #0x00	; 0
      000024 00                     537 	.db #0x00	; 0
      000025 00                     538 	.db #0x00	; 0
      000026 00                     539 	.db #0x00	; 0
      000027 00                     540 	.db #0x00	; 0
      000028 00                     541 	.db #0x00	; 0
      000029 00                     542 	.db #0x00	; 0
      00002A 00                     543 	.db #0x00	; 0
      00002B 00                     544 	.db #0x00	; 0
      00002C 00                     545 	.db #0x00	; 0
      00002D 00                     546 	.db #0x00	; 0
      00002E 00                     547 	.db #0x00	; 0
      00002F 00                     548 	.db #0x00	; 0
      000030 00                     549 	.db #0x00	; 0
      000031 00                     550 	.db #0x00	; 0
      000032 00                     551 	.db #0x00	; 0
      000033 00                     552 	.db #0x00	; 0
      000034 00                     553 	.db #0x00	; 0
      000035 00                     554 	.db #0x00	; 0
      000036 00                     555 	.db #0x00	; 0
      000037 00                     556 	.db #0x00	; 0
      000038 00                     557 	.db #0x00	; 0
      000039 00                     558 	.db #0x00	; 0
      00003A 00                     559 	.db #0x00	; 0
      00003B 00                     560 	.db #0x00	; 0
      00003C 00                     561 	.db #0x00	; 0
      00003D 00                     562 	.db #0x00	; 0
      00003E 00                     563 	.db #0x00	; 0
      00003F 00                     564 	.db #0x00	; 0
      000040 00                     565 	.db #0x00	; 0
      000041 00                     566 	.db #0x00	; 0
      000042 00                     567 	.db #0x00	; 0
      000043 00                     568 	.db #0x00	; 0
      000044 00                     569 	.db #0x00	; 0
      000045 00                     570 	.db #0x00	; 0
      000046 00                     571 	.db #0x00	; 0
      000047 00                     572 	.db #0x00	; 0
      000048 00                     573 	.db #0x00	; 0
      000049 00                     574 	.db #0x00	; 0
      00004A 00                     575 	.db #0x00	; 0
      00004B 00                     576 	.db #0x00	; 0
      00004C 00                     577 	.db #0x00	; 0
      00004D 00                     578 	.db #0x00	; 0
      00004E 00                     579 	.db #0x00	; 0
      00004F 00                     580 	.db #0x00	; 0
      000050 00                     581 	.db #0x00	; 0
      000051 00                     582 	.db #0x00	; 0
      000052 00                     583 	.db #0x00	; 0
      000053 00                     584 	.db #0x00	; 0
      000054 00                     585 	.db #0x00	; 0
      000055 00                     586 	.db #0x00	; 0
      000056 00                     587 	.db #0x00	; 0
      000057 00                     588 	.db #0x00	; 0
      000058 00                     589 	.db #0x00	; 0
      000059 00                     590 	.db #0x00	; 0
      00005A 00                     591 	.db #0x00	; 0
      00005B 00                     592 	.db #0x00	; 0
      00005C 00                     593 	.db #0x00	; 0
      00005D 00                     594 	.db #0x00	; 0
      00005E 00                     595 	.db #0x00	; 0
      00005F 00                     596 	.db #0x00	; 0
      000060 00                     597 	.db #0x00	; 0
      000061 00                     598 	.db #0x00	; 0
      000062 00                     599 	.db #0x00	; 0
      000063 00                     600 	.db #0x00	; 0
      000064 00                     601 	.db #0x00	; 0
      000065 00                     602 	.db #0x00	; 0
      000066 00                     603 	.db #0x00	; 0
      000067 00                     604 	.db #0x00	; 0
      000068 00                     605 	.db #0x00	; 0
      000069 00                     606 	.db #0x00	; 0
      00006A 00                     607 	.db #0x00	; 0
      00006B 00                     608 	.db #0x00	; 0
      00006C 00                     609 	.db #0x00	; 0
      00006D 00                     610 	.db #0x00	; 0
      00006E 00                     611 	.db #0x00	; 0
      00006F 00                     612 	.db #0x00	; 0
      000070 00                     613 	.db #0x00	; 0
      000071 00                     614 	.db #0x00	; 0
      000072 00                     615 	.db #0x00	; 0
      000073 00                     616 	.db #0x00	; 0
      000074 00                     617 	.db #0x00	; 0
      000075 00                     618 	.db #0x00	; 0
      000076 00                     619 	.db #0x00	; 0
      000077 00                     620 	.db #0x00	; 0
      000078 00                     621 	.db #0x00	; 0
      000079 00                     622 	.db #0x00	; 0
      00007A 00                     623 	.db #0x00	; 0
      00007B 00                     624 	.db #0x00	; 0
      00007C 00                     625 	.db #0x00	; 0
      00007D 00                     626 	.db #0x00	; 0
      00007E 00                     627 	.db #0x00	; 0
      00007F 00                     628 	.db #0x00	; 0
      000080 00                     629 	.db #0x00	; 0
      000081 00                     630 	.db #0x00	; 0
      000082 00                     631 	.db #0x00	; 0
      000083 00                     632 	.db #0x00	; 0
      000084 00                     633 	.db #0x00	; 0
      000085 00                     634 	.db #0x00	; 0
      000086 00                     635 	.db #0x00	; 0
      000087 00                     636 	.db #0x00	; 0
      000088 00                     637 	.db #0x00	; 0
      000089 00                     638 	.db #0x00	; 0
      00008A 00                     639 	.db #0x00	; 0
      00008B 00                     640 	.db #0x00	; 0
      00008C 00                     641 	.db #0x00	; 0
      00008D 00                     642 	.db #0x00	; 0
      00008E 00                     643 	.db #0x00	; 0
      00008F 00                     644 	.db #0x00	; 0
      000090 00                     645 	.db #0x00	; 0
      000091 00                     646 	.db #0x00	; 0
      000092 00                     647 	.db #0x00	; 0
      000093 00                     648 	.db #0x00	; 0
      000094 00                     649 	.db #0x00	; 0
      000095 00                     650 	.db #0x00	; 0
      000096 00                     651 	.db #0x00	; 0
      000097 00                     652 	.db #0x00	; 0
      000098 00                     653 	.db #0x00	; 0
      000099 00                     654 	.db #0x00	; 0
      00009A 00                     655 	.db #0x00	; 0
      00009B 00                     656 	.db #0x00	; 0
      00009C 00                     657 	.db #0x00	; 0
      00009D 00                     658 	.db #0x00	; 0
      00009E 00                     659 	.db #0x00	; 0
      00009F 00                     660 	.db #0x00	; 0
      0000A0 00                     661 	.db #0x00	; 0
      0000A1 00                     662 	.db #0x00	; 0
      0000A2 00                     663 	.db #0x00	; 0
      0000A3 00                     664 	.db #0x00	; 0
      0000A4 00                     665 	.db #0x00	; 0
      0000A5 00                     666 	.db #0x00	; 0
      0000A6 00                     667 	.db #0x00	; 0
      0000A7 00                     668 	.db #0x00	; 0
      0000A8 00                     669 	.db #0x00	; 0
      0000A9 00                     670 	.db #0x00	; 0
      0000AA 00                     671 	.db #0x00	; 0
      0000AB 00                     672 	.db #0x00	; 0
      0000AC 00                     673 	.db #0x00	; 0
      0000AD 00                     674 	.db #0x00	; 0
      0000AE 00                     675 	.db #0x00	; 0
      0000AF 00                     676 	.db #0x00	; 0
      0000B0 00                     677 	.db #0x00	; 0
      0000B1 00                     678 	.db #0x00	; 0
      0000B2 00                     679 	.db #0x00	; 0
      0000B3 00                     680 	.db #0x00	; 0
      0000B4 00                     681 	.db #0x00	; 0
      0000B5 00                     682 	.db #0x00	; 0
      0000B6 00                     683 	.db #0x00	; 0
      0000B7 00                     684 	.db #0x00	; 0
      0000B8 00                     685 	.db #0x00	; 0
      0000B9 00                     686 	.db #0x00	; 0
      0000BA 00                     687 	.db #0x00	; 0
      0000BB 00                     688 	.db #0x00	; 0
      0000BC 00                     689 	.db #0x00	; 0
      0000BD 00                     690 	.db #0x00	; 0
      0000BE 00                     691 	.db #0x00	; 0
      0000BF 00                     692 	.db #0x00	; 0
      0000C0 00                     693 	.db #0x00	; 0
      0000C1 00                     694 	.db #0x00	; 0
      0000C2 00                     695 	.db #0x00	; 0
      0000C3 00                     696 	.db #0x00	; 0
      0000C4 00                     697 	.db #0x00	; 0
      0000C5 00                     698 	.db #0x00	; 0
      0000C6 00                     699 	.db #0x00	; 0
      0000C7 00                     700 	.db #0x00	; 0
      0000C8 00                     701 	.db #0x00	; 0
      0000C9 00                     702 	.db #0x00	; 0
      0000CA 00                     703 	.db #0x00	; 0
      0000CB 00                     704 	.db #0x00	; 0
      0000CC 00                     705 	.db #0x00	; 0
      0000CD 00                     706 	.db #0x00	; 0
      0000CE 00                     707 	.db #0x00	; 0
      0000CF 00                     708 	.db #0x00	; 0
      0000D0 00                     709 	.db #0x00	; 0
      0000D1 00                     710 	.db #0x00	; 0
      0000D2 00                     711 	.db #0x00	; 0
      0000D3 00                     712 	.db #0x00	; 0
      0000D4 00                     713 	.db #0x00	; 0
      0000D5 00                     714 	.db #0x00	; 0
      0000D6 00                     715 	.db #0x00	; 0
      0000D7 00                     716 	.db #0x00	; 0
      0000D8 00                     717 	.db #0x00	; 0
      0000D9 00                     718 	.db #0x00	; 0
      0000DA 00                     719 	.db #0x00	; 0
      0000DB 00                     720 	.db #0x00	; 0
      0000DC 00                     721 	.db #0x00	; 0
      0000DD 00                     722 	.db #0x00	; 0
      0000DE 00                     723 	.db #0x00	; 0
      0000DF 00                     724 	.db #0x00	; 0
      0000E0 00                     725 	.db #0x00	; 0
      0000E1 00                     726 	.db #0x00	; 0
      0000E2 00                     727 	.db #0x00	; 0
      0000E3 00                     728 	.db #0x00	; 0
      0000E4 00                     729 	.db #0x00	; 0
      0000E5 00                     730 	.db #0x00	; 0
      0000E6 00                     731 	.db #0x00	; 0
      0000E7 00                     732 	.db #0x00	; 0
      0000E8 00                     733 	.db #0x00	; 0
      0000E9 00                     734 	.db #0x00	; 0
      0000EA 00                     735 	.db #0x00	; 0
      0000EB 00                     736 	.db #0x00	; 0
      0000EC 00                     737 	.db #0x00	; 0
      0000ED 00                     738 	.db #0x00	; 0
      0000EE 00                     739 	.db #0x00	; 0
      0000EF 00                     740 	.db #0x00	; 0
      0000F0 00                     741 	.db #0x00	; 0
      0000F1 00                     742 	.db #0x00	; 0
      0000F2 00                     743 	.db #0x00	; 0
      0000F3 00                     744 	.db #0x00	; 0
      0000F4 00                     745 	.db #0x00	; 0
      0000F5 00                     746 	.db #0x00	; 0
      0000F6 00                     747 	.db #0x00	; 0
      0000F7 00                     748 	.db #0x00	; 0
      0000F8 00                     749 	.db #0x00	; 0
      0000F9 00                     750 	.db #0x00	; 0
      0000FA 00                     751 	.db #0x00	; 0
      0000FB 00                     752 	.db #0x00	; 0
      0000FC 00                     753 	.db #0x00	; 0
      0000FD 00                     754 	.db #0x00	; 0
      0000FE 00                     755 	.db #0x00	; 0
      0000FF 00                     756 	.db #0x00	; 0
      000100 00                     757 	.db #0x00	; 0
      000101 00                     758 	.db #0x00	; 0
      000102 00                     759 	.db #0x00	; 0
      000103 00                     760 	.db #0x00	; 0
      000104 00                     761 	.db #0x00	; 0
      000105 00                     762 	.db #0x00	; 0
      000106 00                     763 	.db #0x00	; 0
      000107 00                     764 	.db #0x00	; 0
      000108 00                     765 	.db #0x00	; 0
      000109 00                     766 	.db #0x00	; 0
      00010A 00                     767 	.db #0x00	; 0
      00010B 00                     768 	.db #0x00	; 0
      00010C 00                     769 	.db #0x00	; 0
      00010D 00                     770 	.db #0x00	; 0
      00010E 00                     771 	.db #0x00	; 0
      00010F 00                     772 	.db #0x00	; 0
      000110 00                     773 	.db #0x00	; 0
      000111 00                     774 	.db #0x00	; 0
      000112 00                     775 	.db #0x00	; 0
      000113 00                     776 	.db #0x00	; 0
      000114 00                     777 	.db #0x00	; 0
      000115 00                     778 	.db #0x00	; 0
      000116 00                     779 	.db #0x00	; 0
      000117 00                     780 	.db #0x00	; 0
      000118 00                     781 	.db #0x00	; 0
      000119 00                     782 	.db #0x00	; 0
      00011A 00                     783 	.db #0x00	; 0
      00011B 00                     784 	.db #0x00	; 0
      00011C 00                     785 	.db #0x00	; 0
      00011D 00                     786 	.db #0x00	; 0
      00011E 00                     787 	.db #0x00	; 0
      00011F 00                     788 	.db #0x00	; 0
      000120 00                     789 	.db #0x00	; 0
      000121 00                     790 	.db #0x00	; 0
      000122 00                     791 	.db #0x00	; 0
      000123 00                     792 	.db #0x00	; 0
      000124 00                     793 	.db #0x00	; 0
      000125 00                     794 	.db #0x00	; 0
      000126 00                     795 	.db #0x00	; 0
      000127 00                     796 	.db #0x00	; 0
      000128 00                     797 	.db #0x00	; 0
      000129 00                     798 	.db #0x00	; 0
      00012A 00                     799 	.db #0x00	; 0
      00012B 00                     800 	.db #0x00	; 0
      00012C 00                     801 	.db #0x00	; 0
      00012D 00                     802 	.db #0x00	; 0
      00012E 00                     803 	.db #0x00	; 0
      00012F 00                     804 	.db #0x00	; 0
      000130 00                     805 	.db #0x00	; 0
      000131 00                     806 	.db #0x00	; 0
      000132 00                     807 	.db #0x00	; 0
      000133 00                     808 	.db #0x00	; 0
      000134 00                     809 	.db #0x00	; 0
      000135 00                     810 	.db #0x00	; 0
      000136 00                     811 	.db #0x00	; 0
      000137 00                     812 	.db #0x00	; 0
      000138 00                     813 	.db #0x00	; 0
      000139 00                     814 	.db #0x00	; 0
      00013A 00                     815 	.db #0x00	; 0
      00013B 00                     816 	.db #0x00	; 0
      00013C 00                     817 	.db #0x00	; 0
      00013D 00                     818 	.db #0x00	; 0
      00013E 00                     819 	.db #0x00	; 0
      00013F 00                     820 	.db #0x00	; 0
      000140 00                     821 	.db #0x00	; 0
      000141 00                     822 	.db #0x00	; 0
      000142 00                     823 	.db #0x00	; 0
      000143 00                     824 	.db #0x00	; 0
      000144 00                     825 	.db #0x00	; 0
      000145 00                     826 	.db #0x00	; 0
      000146 04                     827 	.db #0x04	; 4
      000147 00                     828 	.db #0x00	; 0
      000148 00                     829 	.db #0x00	; 0
      000149 04                     830 	.db #0x04	; 4
      00014A 00                     831 	.db #0x00	; 0
      00014B 00                     832 	.db #0x00	; 0
      00014C 04                     833 	.db #0x04	; 4
      00014D 00                     834 	.db #0x00	; 0
      00014E 08                     835 	.db #0x08	; 8
      00014F 00                     836 	.db #0x00	; 0
      000150 00                     837 	.db #0x00	; 0
      000151 00                     838 	.db #0x00	; 0
      000152 00                     839 	.db #0x00	; 0
      000153 00                     840 	.db #0x00	; 0
      000154 00                     841 	.db #0x00	; 0
      000155 00                     842 	.db #0x00	; 0
      000156 00                     843 	.db #0x00	; 0
      000157 00                     844 	.db #0x00	; 0
      000158 00                     845 	.db #0x00	; 0
      000159 00                     846 	.db #0x00	; 0
      00015A 00                     847 	.db #0x00	; 0
      00015B 00                     848 	.db #0x00	; 0
      00015C 00                     849 	.db #0x00	; 0
      00015D 00                     850 	.db #0x00	; 0
      00015E 00                     851 	.db #0x00	; 0
      00015F 00                     852 	.db #0x00	; 0
      000160 00                     853 	.db #0x00	; 0
      000161 00                     854 	.db #0x00	; 0
      000162 00                     855 	.db #0x00	; 0
      000163 00                     856 	.db #0x00	; 0
      000164 00                     857 	.db #0x00	; 0
      000165 00                     858 	.db #0x00	; 0
      000166 00                     859 	.db #0x00	; 0
      000167 00                     860 	.db #0x00	; 0
      000168 00                     861 	.db #0x00	; 0
      000169 00                     862 	.db #0x00	; 0
      00016A 00                     863 	.db #0x00	; 0
      00016B 00                     864 	.db #0x00	; 0
      00016C 03                     865 	.db #0x03	; 3
      00016D 01                     866 	.db #0x01	; 1
      00016E 01                     867 	.db #0x01	; 1
      00016F 01                     868 	.db #0x01	; 1
      000170 01                     869 	.db #0x01	; 1
      000171 01                     870 	.db #0x01	; 1
      000172 01                     871 	.db #0x01	; 1
      000173 01                     872 	.db #0x01	; 1
      000174 01                     873 	.db #0x01	; 1
      000175 01                     874 	.db #0x01	; 1
      000176 01                     875 	.db #0x01	; 1
      000177 02                     876 	.db #0x02	; 2
      000178 00                     877 	.db #0x00	; 0
      000179 00                     878 	.db #0x00	; 0
      00017A 00                     879 	.db #0x00	; 0
      00017B 00                     880 	.db #0x00	; 0
      00017C 00                     881 	.db #0x00	; 0
      00017D 00                     882 	.db #0x00	; 0
      00017E 08                     883 	.db #0x08	; 8
      00017F 00                     884 	.db #0x00	; 0
      000180 00                     885 	.db #0x00	; 0
      000181 00                     886 	.db #0x00	; 0
      000182 00                     887 	.db #0x00	; 0
      000183 00                     888 	.db #0x00	; 0
      000184 00                     889 	.db #0x00	; 0
      000185 00                     890 	.db #0x00	; 0
      000186 00                     891 	.db #0x00	; 0
      000187 00                     892 	.db #0x00	; 0
      000188 00                     893 	.db #0x00	; 0
      000189 00                     894 	.db #0x00	; 0
      00018A 00                     895 	.db #0x00	; 0
      00018B 00                     896 	.db #0x00	; 0
      00018C 00                     897 	.db #0x00	; 0
      00018D 00                     898 	.db #0x00	; 0
      00018E 00                     899 	.db #0x00	; 0
      00018F 00                     900 	.db #0x00	; 0
      000190 00                     901 	.db #0x00	; 0
      000191 00                     902 	.db #0x00	; 0
      000192 00                     903 	.db #0x00	; 0
      000193 00                     904 	.db #0x00	; 0
      000194 03                     905 	.db #0x03	; 3
      000195 01                     906 	.db #0x01	; 1
      000196 01                     907 	.db #0x01	; 1
      000197 01                     908 	.db #0x01	; 1
      000198 01                     909 	.db #0x01	; 1
      000199 01                     910 	.db #0x01	; 1
      00019A 01                     911 	.db #0x01	; 1
      00019B 01                     912 	.db #0x01	; 1
      00019C 01                     913 	.db #0x01	; 1
      00019D 01                     914 	.db #0x01	; 1
      00019E 01                     915 	.db #0x01	; 1
      00019F 02                     916 	.db #0x02	; 2
      0001A0 00                     917 	.db #0x00	; 0
      0001A1 00                     918 	.db #0x00	; 0
      0001A2 00                     919 	.db #0x00	; 0
      0001A3 00                     920 	.db #0x00	; 0
      0001A4 00                     921 	.db #0x00	; 0
      0001A5 00                     922 	.db #0x00	; 0
      0001A6 03                     923 	.db #0x03	; 3
      0001A7 01                     924 	.db #0x01	; 1
      0001A8 01                     925 	.db #0x01	; 1
      0001A9 01                     926 	.db #0x01	; 1
      0001AA 02                     927 	.db #0x02	; 2
      0001AB 00                     928 	.db #0x00	; 0
      0001AC 00                     929 	.db #0x00	; 0
      0001AD 08                     930 	.db #0x08	; 8
      0001AE 08                     931 	.db #0x08	; 8
      0001AF 00                     932 	.db #0x00	; 0
      0001B0 00                     933 	.db #0x00	; 0
      0001B1 00                     934 	.db #0x00	; 0
      0001B2 00                     935 	.db #0x00	; 0
      0001B3 00                     936 	.db #0x00	; 0
      0001B4 00                     937 	.db #0x00	; 0
      0001B5 00                     938 	.db #0x00	; 0
      0001B6 00                     939 	.db #0x00	; 0
      0001B7 00                     940 	.db #0x00	; 0
      0001B8 00                     941 	.db #0x00	; 0
      0001B9 00                     942 	.db #0x00	; 0
      0001BA 00                     943 	.db #0x00	; 0
      0001BB 00                     944 	.db #0x00	; 0
      0001BC 03                     945 	.db #0x03	; 3
      0001BD 01                     946 	.db #0x01	; 1
      0001BE 01                     947 	.db #0x01	; 1
      0001BF 01                     948 	.db #0x01	; 1
      0001C0 01                     949 	.db #0x01	; 1
      0001C1 01                     950 	.db #0x01	; 1
      0001C2 01                     951 	.db #0x01	; 1
      0001C3 01                     952 	.db #0x01	; 1
      0001C4 01                     953 	.db #0x01	; 1
      0001C5 01                     954 	.db #0x01	; 1
      0001C6 01                     955 	.db #0x01	; 1
      0001C7 02                     956 	.db #0x02	; 2
      0001C8 00                     957 	.db #0x00	; 0
      0001C9 00                     958 	.db #0x00	; 0
      0001CA 00                     959 	.db #0x00	; 0
      0001CB 00                     960 	.db #0x00	; 0
      0001CC 00                     961 	.db #0x00	; 0
      0001CD 00                     962 	.db #0x00	; 0
      0001CE 03                     963 	.db #0x03	; 3
      0001CF 01                     964 	.db #0x01	; 1
      0001D0 01                     965 	.db #0x01	; 1
      0001D1 01                     966 	.db #0x01	; 1
      0001D2 01                     967 	.db #0x01	; 1
      0001D3 01                     968 	.db #0x01	; 1
      0001D4 01                     969 	.db #0x01	; 1
      0001D5 01                     970 	.db #0x01	; 1
      0001D6 02                     971 	.db #0x02	; 2
      0001D7 00                     972 	.db #0x00	; 0
      0001D8 00                     973 	.db #0x00	; 0
      0001D9 00                     974 	.db #0x00	; 0
      0001DA 00                     975 	.db #0x00	; 0
      0001DB 00                     976 	.db #0x00	; 0
      0001DC 00                     977 	.db #0x00	; 0
      0001DD 00                     978 	.db #0x00	; 0
      0001DE 00                     979 	.db #0x00	; 0
      0001DF 00                     980 	.db #0x00	; 0
      0001E0 00                     981 	.db #0x00	; 0
      0001E1 00                     982 	.db #0x00	; 0
      0001E2 00                     983 	.db #0x00	; 0
      0001E3 00                     984 	.db #0x00	; 0
      0001E4 03                     985 	.db #0x03	; 3
      0001E5 01                     986 	.db #0x01	; 1
      0001E6 01                     987 	.db #0x01	; 1
      0001E7 01                     988 	.db #0x01	; 1
      0001E8 01                     989 	.db #0x01	; 1
      0001E9 01                     990 	.db #0x01	; 1
      0001EA 01                     991 	.db #0x01	; 1
      0001EB 01                     992 	.db #0x01	; 1
      0001EC 01                     993 	.db #0x01	; 1
      0001ED 01                     994 	.db #0x01	; 1
      0001EE 01                     995 	.db #0x01	; 1
      0001EF 02                     996 	.db #0x02	; 2
      0001F0 00                     997 	.db #0x00	; 0
      0001F1 00                     998 	.db #0x00	; 0
      0001F2 00                     999 	.db #0x00	; 0
      0001F3 00                    1000 	.db #0x00	; 0
      0001F4 00                    1001 	.db #0x00	; 0
      0001F5 00                    1002 	.db #0x00	; 0
      0001F6 03                    1003 	.db #0x03	; 3
      0001F7 01                    1004 	.db #0x01	; 1
      0001F8 01                    1005 	.db #0x01	; 1
      0001F9 01                    1006 	.db #0x01	; 1
      0001FA 01                    1007 	.db #0x01	; 1
      0001FB 01                    1008 	.db #0x01	; 1
      0001FC 01                    1009 	.db #0x01	; 1
      0001FD 01                    1010 	.db #0x01	; 1
      0001FE 02                    1011 	.db #0x02	; 2
      0001FF 00                    1012 	.db #0x00	; 0
      000200 00                    1013 	.db #0x00	; 0
      000201 00                    1014 	.db #0x00	; 0
      000202 00                    1015 	.db #0x00	; 0
      000203 00                    1016 	.db #0x00	; 0
      000204 00                    1017 	.db #0x00	; 0
      000205 00                    1018 	.db #0x00	; 0
      000206 00                    1019 	.db #0x00	; 0
      000207 00                    1020 	.db #0x00	; 0
      000208 06                    1021 	.db #0x06	; 6
      000209 06                    1022 	.db #0x06	; 6
      00020A 06                    1023 	.db #0x06	; 6
      00020B 06                    1024 	.db #0x06	; 6
      00020C 03                    1025 	.db #0x03	; 3
      00020D 01                    1026 	.db #0x01	; 1
      00020E 01                    1027 	.db #0x01	; 1
      00020F 01                    1028 	.db #0x01	; 1
      000210 01                    1029 	.db #0x01	; 1
      000211 01                    1030 	.db #0x01	; 1
      000212 01                    1031 	.db #0x01	; 1
      000213 01                    1032 	.db #0x01	; 1
      000214 01                    1033 	.db #0x01	; 1
      000215 01                    1034 	.db #0x01	; 1
      000216 01                    1035 	.db #0x01	; 1
      000217 02                    1036 	.db #0x02	; 2
      000218 05                    1037 	.db #0x05	; 5
      000219 05                    1038 	.db #0x05	; 5
      00021A 05                    1039 	.db #0x05	; 5
      00021B 05                    1040 	.db #0x05	; 5
      00021C 05                    1041 	.db #0x05	; 5
      00021D 05                    1042 	.db #0x05	; 5
      00021E 03                    1043 	.db #0x03	; 3
      00021F 01                    1044 	.db #0x01	; 1
      000220 01                    1045 	.db #0x01	; 1
      000221 01                    1046 	.db #0x01	; 1
      000222 01                    1047 	.db #0x01	; 1
      000223 01                    1048 	.db #0x01	; 1
      000224 01                    1049 	.db #0x01	; 1
      000225 01                    1050 	.db #0x01	; 1
      000226 02                    1051 	.db #0x02	; 2
      000227 06                    1052 	.db #0x06	; 6
      000228 06                    1053 	.db #0x06	; 6
      000229 06                    1054 	.db #0x06	; 6
      00022A 06                    1055 	.db #0x06	; 6
      00022B 06                    1056 	.db #0x06	; 6
      00022C 06                    1057 	.db #0x06	; 6
      00022D 06                    1058 	.db #0x06	; 6
      00022E 06                    1059 	.db #0x06	; 6
      00022F 06                    1060 	.db #0x06	; 6
      000230 04                    1061 	.db #0x04	; 4
      000231 04                    1062 	.db #0x04	; 4
      000232 04                    1063 	.db #0x04	; 4
      000233 04                    1064 	.db #0x04	; 4
      000234 04                    1065 	.db #0x04	; 4
      000235 04                    1066 	.db #0x04	; 4
      000236 04                    1067 	.db #0x04	; 4
      000237 04                    1068 	.db #0x04	; 4
      000238 04                    1069 	.db #0x04	; 4
      000239 04                    1070 	.db #0x04	; 4
      00023A 04                    1071 	.db #0x04	; 4
      00023B 04                    1072 	.db #0x04	; 4
      00023C 04                    1073 	.db #0x04	; 4
      00023D 04                    1074 	.db #0x04	; 4
      00023E 04                    1075 	.db #0x04	; 4
      00023F 04                    1076 	.db #0x04	; 4
      000240 04                    1077 	.db #0x04	; 4
      000241 04                    1078 	.db #0x04	; 4
      000242 04                    1079 	.db #0x04	; 4
      000243 04                    1080 	.db #0x04	; 4
      000244 04                    1081 	.db #0x04	; 4
      000245 04                    1082 	.db #0x04	; 4
      000246 04                    1083 	.db #0x04	; 4
      000247 04                    1084 	.db #0x04	; 4
      000248 04                    1085 	.db #0x04	; 4
      000249 04                    1086 	.db #0x04	; 4
      00024A 04                    1087 	.db #0x04	; 4
      00024B 04                    1088 	.db #0x04	; 4
      00024C 04                    1089 	.db #0x04	; 4
      00024D 04                    1090 	.db #0x04	; 4
      00024E 04                    1091 	.db #0x04	; 4
      00024F 04                    1092 	.db #0x04	; 4
      000250 04                    1093 	.db #0x04	; 4
      000251 04                    1094 	.db #0x04	; 4
      000252 04                    1095 	.db #0x04	; 4
      000253 04                    1096 	.db #0x04	; 4
      000254 04                    1097 	.db #0x04	; 4
      000255 04                    1098 	.db #0x04	; 4
      000256 04                    1099 	.db #0x04	; 4
      000257 04                    1100 	.db #0x04	; 4
      000258 04                    1101 	.db #0x04	; 4
      000259 08                    1102 	.db #0x08	; 8
      00025A 00                    1103 	.db #0x00	; 0
      00025B 00                    1104 	.db #0x00	; 0
      00025C 04                    1105 	.db #0x04	; 4
      00025D 08                    1106 	.db #0x08	; 8
      00025E 08                    1107 	.db #0x08	; 8
      00025F 08                    1108 	.db #0x08	; 8
      000260 04                    1109 	.db #0x04	; 4
      000261 08                    1110 	.db #0x08	; 8
      000262 08                    1111 	.db #0x08	; 8
      000263 08                    1112 	.db #0x08	; 8
      000264 04                    1113 	.db #0x04	; 4
      000265 08                    1114 	.db #0x08	; 8
      000266 08                    1115 	.db #0x08	; 8
      000267 08                    1116 	.db #0x08	; 8
      000268 04                    1117 	.db #0x04	; 4
      000269 08                    1118 	.db #0x08	; 8
      00026A 08                    1119 	.db #0x08	; 8
      00026B 08                    1120 	.db #0x08	; 8
      00026C 04                    1121 	.db #0x04	; 4
      00026D 08                    1122 	.db #0x08	; 8
      00026E 08                    1123 	.db #0x08	; 8
      00026F 08                    1124 	.db #0x08	; 8
      000270 04                    1125 	.db #0x04	; 4
      000271 08                    1126 	.db #0x08	; 8
      000272 08                    1127 	.db #0x08	; 8
      000273 08                    1128 	.db #0x08	; 8
      000274 04                    1129 	.db #0x04	; 4
      000275 08                    1130 	.db #0x08	; 8
      000276 08                    1131 	.db #0x08	; 8
      000277 08                    1132 	.db #0x08	; 8
      000278 04                    1133 	.db #0x04	; 4
      000279 08                    1134 	.db #0x08	; 8
      00027A 08                    1135 	.db #0x08	; 8
      00027B 08                    1136 	.db #0x08	; 8
      00027C 04                    1137 	.db #0x04	; 4
      00027D 08                    1138 	.db #0x08	; 8
      00027E 08                    1139 	.db #0x08	; 8
      00027F 08                    1140 	.db #0x08	; 8
      000280 04                    1141 	.db #0x04	; 4
      000281 04                    1142 	.db #0x04	; 4
      000282 04                    1143 	.db #0x04	; 4
      000283 04                    1144 	.db #0x04	; 4
      000284 04                    1145 	.db #0x04	; 4
      000285 04                    1146 	.db #0x04	; 4
      000286 04                    1147 	.db #0x04	; 4
      000287 04                    1148 	.db #0x04	; 4
      000288 04                    1149 	.db #0x04	; 4
      000289 04                    1150 	.db #0x04	; 4
      00028A 04                    1151 	.db #0x04	; 4
      00028B 04                    1152 	.db #0x04	; 4
      00028C 04                    1153 	.db #0x04	; 4
      00028D 04                    1154 	.db #0x04	; 4
      00028E 04                    1155 	.db #0x04	; 4
      00028F 04                    1156 	.db #0x04	; 4
      000290 04                    1157 	.db #0x04	; 4
      000291 04                    1158 	.db #0x04	; 4
      000292 04                    1159 	.db #0x04	; 4
      000293 04                    1160 	.db #0x04	; 4
      000294 04                    1161 	.db #0x04	; 4
      000295 04                    1162 	.db #0x04	; 4
      000296 04                    1163 	.db #0x04	; 4
      000297 04                    1164 	.db #0x04	; 4
      000298 04                    1165 	.db #0x04	; 4
      000299 04                    1166 	.db #0x04	; 4
      00029A 04                    1167 	.db #0x04	; 4
      00029B 04                    1168 	.db #0x04	; 4
      00029C 04                    1169 	.db #0x04	; 4
      00029D 04                    1170 	.db #0x04	; 4
      00029E 04                    1171 	.db #0x04	; 4
      00029F 04                    1172 	.db #0x04	; 4
      0002A0 04                    1173 	.db #0x04	; 4
      0002A1 04                    1174 	.db #0x04	; 4
      0002A2 04                    1175 	.db #0x04	; 4
      0002A3 04                    1176 	.db #0x04	; 4
      0002A4 04                    1177 	.db #0x04	; 4
      0002A5 04                    1178 	.db #0x04	; 4
      0002A6 04                    1179 	.db #0x04	; 4
      0002A7 04                    1180 	.db #0x04	; 4
      0002A8 04                    1181 	.db #0x04	; 4
      0002A9 04                    1182 	.db #0x04	; 4
      0002AA 04                    1183 	.db #0x04	; 4
      0002AB 04                    1184 	.db #0x04	; 4
      0002AC 04                    1185 	.db #0x04	; 4
      0002AD 04                    1186 	.db #0x04	; 4
      0002AE 04                    1187 	.db #0x04	; 4
      0002AF 04                    1188 	.db #0x04	; 4
      0002B0 04                    1189 	.db #0x04	; 4
      0002B1 04                    1190 	.db #0x04	; 4
      0002B2 04                    1191 	.db #0x04	; 4
      0002B3 04                    1192 	.db #0x04	; 4
      0002B4 04                    1193 	.db #0x04	; 4
      0002B5 04                    1194 	.db #0x04	; 4
      0002B6 04                    1195 	.db #0x04	; 4
      0002B7 04                    1196 	.db #0x04	; 4
      0002B8 04                    1197 	.db #0x04	; 4
      0002B9 04                    1198 	.db #0x04	; 4
      0002BA 04                    1199 	.db #0x04	; 4
      0002BB 04                    1200 	.db #0x04	; 4
      0002BC 04                    1201 	.db #0x04	; 4
      0002BD 04                    1202 	.db #0x04	; 4
      0002BE 04                    1203 	.db #0x04	; 4
      0002BF 04                    1204 	.db #0x04	; 4
      0002C0 04                    1205 	.db #0x04	; 4
      0002C1 04                    1206 	.db #0x04	; 4
      0002C2 04                    1207 	.db #0x04	; 4
      0002C3 04                    1208 	.db #0x04	; 4
      0002C4 04                    1209 	.db #0x04	; 4
      0002C5 04                    1210 	.db #0x04	; 4
      0002C6 04                    1211 	.db #0x04	; 4
      0002C7 04                    1212 	.db #0x04	; 4
      0002C8 04                    1213 	.db #0x04	; 4
      0002C9 04                    1214 	.db #0x04	; 4
      0002CA 04                    1215 	.db #0x04	; 4
      0002CB 04                    1216 	.db #0x04	; 4
      0002CC 04                    1217 	.db #0x04	; 4
      0002CD 04                    1218 	.db #0x04	; 4
      0002CE 04                    1219 	.db #0x04	; 4
      0002CF 04                    1220 	.db #0x04	; 4
                           0002D0  1221 Fmain$__xinit_Tilemap$0_0$0 == .
      0002D0                       1222 __xinit__Tilemap:
      0002D0 00                    1223 	.db #0x00	; 0
      0002D1 00                    1224 	.db #0x00	; 0
      0002D2 00                    1225 	.db #0x00	; 0
      0002D3 00                    1226 	.db #0x00	; 0
      0002D4 00                    1227 	.db #0x00	; 0
      0002D5 00                    1228 	.db #0x00	; 0
      0002D6 00                    1229 	.db #0x00	; 0
      0002D7 00                    1230 	.db #0x00	; 0
      0002D8 00                    1231 	.db #0x00	; 0
      0002D9 00                    1232 	.db #0x00	; 0
      0002DA 00                    1233 	.db #0x00	; 0
      0002DB 00                    1234 	.db #0x00	; 0
      0002DC 00                    1235 	.db #0x00	; 0
      0002DD 00                    1236 	.db #0x00	; 0
      0002DE 00                    1237 	.db #0x00	; 0
      0002DF 00                    1238 	.db #0x00	; 0
      0002E0 FF                    1239 	.db #0xff	; 255
      0002E1 FF                    1240 	.db #0xff	; 255
      0002E2 01                    1241 	.db #0x01	; 1
      0002E3 01                    1242 	.db #0x01	; 1
      0002E4 01                    1243 	.db #0x01	; 1
      0002E5 01                    1244 	.db #0x01	; 1
      0002E6 01                    1245 	.db #0x01	; 1
      0002E7 01                    1246 	.db #0x01	; 1
      0002E8 FF                    1247 	.db #0xff	; 255
      0002E9 FF                    1248 	.db #0xff	; 255
      0002EA 10                    1249 	.db #0x10	; 16
      0002EB 10                    1250 	.db #0x10	; 16
      0002EC 10                    1251 	.db #0x10	; 16
      0002ED 10                    1252 	.db #0x10	; 16
      0002EE 10                    1253 	.db #0x10	; 16
      0002EF 10                    1254 	.db #0x10	; 16
      0002F0 FF                    1255 	.db #0xff	; 255
      0002F1 FF                    1256 	.db #0xff	; 255
      0002F2 01                    1257 	.db #0x01	; 1
      0002F3 01                    1258 	.db #0x01	; 1
      0002F4 01                    1259 	.db #0x01	; 1
      0002F5 01                    1260 	.db #0x01	; 1
      0002F6 01                    1261 	.db #0x01	; 1
      0002F7 01                    1262 	.db #0x01	; 1
      0002F8 FF                    1263 	.db #0xff	; 255
      0002F9 FF                    1264 	.db #0xff	; 255
      0002FA 11                    1265 	.db #0x11	; 17
      0002FB 11                    1266 	.db #0x11	; 17
      0002FC 11                    1267 	.db #0x11	; 17
      0002FD 11                    1268 	.db #0x11	; 17
      0002FE 11                    1269 	.db #0x11	; 17
      0002FF 11                    1270 	.db #0x11	; 17
      000300 FF                    1271 	.db #0xff	; 255
      000301 FF                    1272 	.db #0xff	; 255
      000302 80                    1273 	.db #0x80	; 128
      000303 80                    1274 	.db #0x80	; 128
      000304 80                    1275 	.db #0x80	; 128
      000305 80                    1276 	.db #0x80	; 128
      000306 80                    1277 	.db #0x80	; 128
      000307 80                    1278 	.db #0x80	; 128
      000308 FF                    1279 	.db #0xff	; 255
      000309 FF                    1280 	.db #0xff	; 255
      00030A 88                    1281 	.db #0x88	; 136
      00030B 88                    1282 	.db #0x88	; 136
      00030C 88                    1283 	.db #0x88	; 136
      00030D 88                    1284 	.db #0x88	; 136
      00030E 88                    1285 	.db #0x88	; 136
      00030F 88                    1286 	.db #0x88	; 136
      000310 AA                    1287 	.db #0xaa	; 170
      000311 00                    1288 	.db #0x00	; 0
      000312 55                    1289 	.db #0x55	; 85	'U'
      000313 00                    1290 	.db #0x00	; 0
      000314 AA                    1291 	.db #0xaa	; 170
      000315 00                    1292 	.db #0x00	; 0
      000316 55                    1293 	.db #0x55	; 85	'U'
      000317 00                    1294 	.db #0x00	; 0
      000318 AA                    1295 	.db #0xaa	; 170
      000319 00                    1296 	.db #0x00	; 0
      00031A 55                    1297 	.db #0x55	; 85	'U'
      00031B 00                    1298 	.db #0x00	; 0
      00031C AA                    1299 	.db #0xaa	; 170
      00031D 00                    1300 	.db #0x00	; 0
      00031E 55                    1301 	.db #0x55	; 85	'U'
      00031F 00                    1302 	.db #0x00	; 0
      000320 00                    1303 	.db #0x00	; 0
      000321 00                    1304 	.db #0x00	; 0
      000322 00                    1305 	.db #0x00	; 0
      000323 00                    1306 	.db #0x00	; 0
      000324 00                    1307 	.db #0x00	; 0
      000325 00                    1308 	.db #0x00	; 0
      000326 00                    1309 	.db #0x00	; 0
      000327 00                    1310 	.db #0x00	; 0
      000328 FF                    1311 	.db #0xff	; 255
      000329 FF                    1312 	.db #0xff	; 255
      00032A AA                    1313 	.db #0xaa	; 170
      00032B FF                    1314 	.db #0xff	; 255
      00032C 3F                    1315 	.db #0x3f	; 63
      00032D C0                    1316 	.db #0xc0	; 192
      00032E AA                    1317 	.db #0xaa	; 170
      00032F 00                    1318 	.db #0x00	; 0
      000330 00                    1319 	.db #0x00	; 0
      000331 00                    1320 	.db #0x00	; 0
      000332 00                    1321 	.db #0x00	; 0
      000333 00                    1322 	.db #0x00	; 0
      000334 00                    1323 	.db #0x00	; 0
      000335 00                    1324 	.db #0x00	; 0
      000336 00                    1325 	.db #0x00	; 0
      000337 00                    1326 	.db #0x00	; 0
      000338 00                    1327 	.db #0x00	; 0
      000339 00                    1328 	.db #0x00	; 0
      00033A CC                    1329 	.db #0xcc	; 204
      00033B FF                    1330 	.db #0xff	; 255
      00033C 32                    1331 	.db #0x32	; 50	'2'
      00033D CD                    1332 	.db #0xcd	; 205
      00033E FF                    1333 	.db #0xff	; 255
      00033F 00                    1334 	.db #0x00	; 0
      000340 00                    1335 	.db #0x00	; 0
      000341 00                    1336 	.db #0x00	; 0
      000342 00                    1337 	.db #0x00	; 0
      000343 00                    1338 	.db #0x00	; 0
      000344 00                    1339 	.db #0x00	; 0
      000345 00                    1340 	.db #0x00	; 0
      000346 00                    1341 	.db #0x00	; 0
      000347 00                    1342 	.db #0x00	; 0
      000348 00                    1343 	.db #0x00	; 0
      000349 00                    1344 	.db #0x00	; 0
      00034A FF                    1345 	.db #0xff	; 255
      00034B 00                    1346 	.db #0x00	; 0
      00034C FF                    1347 	.db #0xff	; 255
      00034D 00                    1348 	.db #0x00	; 0
      00034E FF                    1349 	.db #0xff	; 255
      00034F 00                    1350 	.db #0x00	; 0
                           000350  1351 Fmain$__xinit_Face$0_0$0 == .
      000350                       1352 __xinit__Face:
      000350 7E                    1353 	.db #0x7e	; 126
      000351 7E                    1354 	.db #0x7e	; 126
      000352 81                    1355 	.db #0x81	; 129
      000353 FF                    1356 	.db #0xff	; 255
      000354 A5                    1357 	.db #0xa5	; 165
      000355 FF                    1358 	.db #0xff	; 255
      000356 E5                    1359 	.db #0xe5	; 229
      000357 BF                    1360 	.db #0xbf	; 191
      000358 FD                    1361 	.db #0xfd	; 253
      000359 A7                    1362 	.db #0xa7	; 167
      00035A FF                    1363 	.db #0xff	; 255
      00035B 81                    1364 	.db #0x81	; 129
      00035C 7E                    1365 	.db #0x7e	; 126
      00035D 42                    1366 	.db #0x42	; 66	'B'
      00035E 3C                    1367 	.db #0x3c	; 60
      00035F 3C                    1368 	.db #0x3c	; 60
      000360 7E                    1369 	.db #0x7e	; 126
      000361 7E                    1370 	.db #0x7e	; 126
      000362 81                    1371 	.db #0x81	; 129
      000363 FF                    1372 	.db #0xff	; 255
      000364 A5                    1373 	.db #0xa5	; 165
      000365 FF                    1374 	.db #0xff	; 255
      000366 A5                    1375 	.db #0xa5	; 165
      000367 FF                    1376 	.db #0xff	; 255
      000368 C1                    1377 	.db #0xc1	; 193
      000369 BF                    1378 	.db #0xbf	; 191
      00036A FF                    1379 	.db #0xff	; 255
      00036B 81                    1380 	.db #0x81	; 129
      00036C 7E                    1381 	.db #0x7e	; 126
      00036D 42                    1382 	.db #0x42	; 66	'B'
      00036E 3C                    1383 	.db #0x3c	; 60
      00036F 3C                    1384 	.db #0x3c	; 60
                           000370  1385 Fmain$__xinit_playerStats$0_0$0 == .
      000370                       1386 __xinit__playerStats:
      000370 0A                    1387 	.db #0x0a	; 10
      000371 87                    1388 	.db #0x87	; 135
      000372 03                    1389 	.db #0x03	; 3
      000373 00                    1390 	.db #0x00	; 0
                           000374  1391 Fmain$__xinit_characterNum$0_0$0 == .
      000374                       1392 __xinit__characterNum:
      000374 00                    1393 	.db #0x00	; 0
                           000375  1394 Fmain$__xinit_jumping$0_0$0 == .
      000375                       1395 __xinit__jumping:
      000375 00                    1396 	.db #0x00	; 0
                           000376  1397 Fmain$__xinit_acceleration$0_0$0 == .
      000376                       1398 __xinit__acceleration:
      000376 00                    1399 	.db #0x00	; 0
                           000377  1400 Fmain$__xinit_gravity$0_0$0 == .
      000377                       1401 __xinit__gravity:
      000377 02                    1402 	.db #0x02	; 2
                           000378  1403 Fmain$__xinit_floorYpos$0_0$0 == .
      000378                       1404 __xinit__floorYpos:
      000378 87                    1405 	.db #0x87	; 135
                                   1406 	.area _CABS (ABS)
